[15:14:24] [main/INFO]: Setting user: Player935
[15:14:25] [Client thread/INFO]: LWJGL Version: 2.9.1
[15:14:32] [Client thread/INFO]: Reloading ResourceManager: Default
[15:14:58] [main/INFO]: Setting user: goa
[15:14:59] [Client thread/INFO]: LWJGL Version: 2.9.1
[15:15:06] [Client thread/INFO]: Reloading ResourceManager: Default
[15:15:56] [main/INFO]: Setting user: goa
[15:15:56] [Client thread/INFO]: LWJGL Version: 2.9.1
[15:16:05] [Client thread/INFO]: Reloading ResourceManager: Default, FMLFileResourcePack:Forge Mod Loader, FMLFileResourcePack:Minecraft Forge, FMLFileResourcePack:test, FMLFileResourcePack:placeholder, FMLFileResourcePack:UniMixins: GasStation, FMLFileResourcePack:UniMixins: GTNHMixins, FMLFileResourcePack:UniMixins, FMLFileResourcePack:UniMixins: Compatibility, FMLFileResourcePack:UniMixins: Mixin (UniMix), FMLFileResourcePack:UniMixins: MixinExtras, FMLFileResourcePack:UniMixins: MixinBooterLegacy, FMLFileResourcePack:UniMixins: Mixingasm, FMLFileResourcePack:UniMixins: SpongeMixins, FMLFileResourcePack:CustomNPC+, FMLFileResourcePack:Dragon Block C, FMLFileResourcePack:JinRyuu's JRMCore
[15:16:14] [Sound Library Loader/INFO]: Sound engine started
[15:16:15] [Client thread/INFO]: Created: 16x16 textures/blocks-atlas
[15:16:15] [Client thread/INFO]: Created: 16x16 textures/items-atlas
[15:16:17] [Client thread/INFO]: Reloading ResourceManager: Default, FMLFileResourcePack:Forge Mod Loader, FMLFileResourcePack:Minecraft Forge, FMLFileResourcePack:test, FMLFileResourcePack:placeholder, FMLFileResourcePack:UniMixins: GasStation, FMLFileResourcePack:UniMixins: GTNHMixins, FMLFileResourcePack:UniMixins, FMLFileResourcePack:UniMixins: Compatibility, FMLFileResourcePack:UniMixins: Mixin (UniMix), FMLFileResourcePack:UniMixins: MixinExtras, FMLFileResourcePack:UniMixins: MixinBooterLegacy, FMLFileResourcePack:UniMixins: Mixingasm, FMLFileResourcePack:UniMixins: SpongeMixins, FMLFileResourcePack:CustomNPC+, FMLFileResourcePack:Dragon Block C, FMLFileResourcePack:JinRyuu's JRMCore
[15:16:18] [Client thread/INFO]: Created: 512x512 textures/blocks-atlas
[15:16:19] [Client thread/INFO]: Created: 512x512 textures/items-atlas
[15:16:19] [Sound Library Loader/INFO]: Sound engine started
[15:16:41] [Server thread/INFO]: Starting integrated minecraft server version 1.7.10
[15:16:41] [Server thread/INFO]: Generating keypair
[15:16:42] [Server thread/INFO]: Converting map!
[15:16:42] [Server thread/INFO]: Scanning folders...
[15:16:42] [Server thread/INFO]: Total conversion count is 0
[15:16:42] [Server thread/WARN]: Unable to find spawn biome
[15:16:45] [Server thread/WARN]: Unable to find spawn biome
[15:16:47] [Server thread/WARN]: Unable to find spawn biome
[15:16:53] [Server thread/WARN]: Unable to find spawn biome
[15:16:55] [Server thread/WARN]: Unable to find spawn biome
[15:17:00] [Server thread/INFO]: Preparing start region for level 0
[15:17:01] [Server thread/INFO]: Preparing spawn area: 4%
[15:17:02] [Server thread/INFO]: Preparing spawn area: 21%
[15:17:03] [Server thread/INFO]: Preparing spawn area: 47%
[15:17:04] [Server thread/INFO]: Preparing spawn area: 70%
[15:17:05] [Server thread/INFO]: Preparing spawn area: 94%
[15:17:06] [Server thread/INFO]: Changing view distance to 12, from 10
[15:17:06] [Server thread/INFO]: goa[local:E:3e63f6a2] logged in with entity id 460 at (-51.5, 70.0, 251.5)
[15:17:06] [Server thread/INFO]: goa joined the game
[15:17:07] [Thread-9/INFO]: [CHAT] §cCustomNPC+§f installed. For more info §9§nClick here
[15:17:09] [Server thread/INFO]: Saving and pausing game...
[15:17:09] [Server thread/INFO]: Saving chunks for level 'New World'/Overworld
[15:17:14] [Server thread/INFO]: Saving chunks for level 'New World'/Nether
[15:17:14] [Server thread/INFO]: Saving chunks for level 'New World'/The End
[15:17:14] [Server thread/INFO]: Saving chunks for level 'New World'/Vegeta
[15:17:14] [Server thread/INFO]: Saving chunks for level 'New World'/Namek
[15:17:14] [Server thread/INFO]: Saving chunks for level 'New World'/Null Realm
[15:17:14] [Server thread/INFO]: Saving chunks for level 'New World'/TimeChamber
[15:17:15] [Server thread/INFO]: Saving chunks for level 'New World'/OtherWorld
[15:17:15] [Server thread/INFO]: <goa> ,.
[15:17:15] [Client thread/INFO]: [CHAT] <goa> ,.
[15:17:16] [Server thread/WARN]: Can't keep up! Did the system time change, or is the server overloaded? Running 8294ms behind, skipping 165 tick(s)
[15:17:20] [Client thread/INFO]: Warning: Clientside chunk ticking took 186 ms
[15:17:53] [Client thread/INFO]: [CHAT] Unknown command. Try /help for a list of commands
[15:17:56] [Client thread/INFO]: [CHAT] Use '/jrmc startnew' to Start from the begining, resetting attributes and character look.and Use '/dbc accept' to accept offers like revive with teleport.
[15:17:58] [Client thread/INFO]: [CHAT] /playsound, /publish
[15:18:06] [Server thread/INFO]: [goa: goa has received skill Fusion to lvl 10]
[15:18:06] [Server thread/INFO]: [goa: goa has received skill Jump to lvl 10]
[15:18:06] [Server thread/INFO]: [goa: goa has received skill Dash to lvl 10]
[15:18:06] [Server thread/INFO]: [goa: goa has received skill Fly to lvl 10]
[15:18:06] [Server thread/INFO]: [goa: goa has received skill Endurance to lvl 10]
[15:18:06] [Server thread/INFO]: [goa: goa has received skill PotentialUnlock to lvl 10]
[15:18:06] [Server thread/INFO]: [goa: goa has received skill KiSense to lvl 10]
[15:18:06] [Server thread/INFO]: [goa: goa has received skill Meditation to lvl 10]
[15:18:06] [Server thread/INFO]: [goa: goa has received skill Kaioken to lvl 10]
[15:18:06] [Server thread/INFO]: [goa: goa has received skill GodForm to lvl 10]
[15:18:06] [Server thread/INFO]: [goa: goa has received skill OldKaiUnlock to lvl 10]
[15:18:06] [Server thread/INFO]: [goa: goa has received skill KiProtection to lvl 10]
[15:18:06] [Server thread/INFO]: [goa: goa has received skill KiFist to lvl 10]
[15:18:06] [Server thread/INFO]: [goa: goa has received skill KiBoost to lvl 10]
[15:18:06] [Server thread/INFO]: [goa: goa has received skill DefensePenetration to lvl 10]
[15:18:06] [Server thread/INFO]: [goa: goa has received skill KiInfuse to lvl 10]
[15:18:06] [Server thread/INFO]: [goa: goa has received skill UltraInstinct to lvl 10]
[15:18:06] [Server thread/INFO]: [goa: goa has received skill InstantTransmission to lvl 10]
[15:18:06] [Server thread/INFO]: [goa: goa has received skill GodOfDestruction to lvl 10]
[15:18:07] [Client thread/INFO]: [CHAT] Skill Fusion has been added!
[15:18:07] [Client thread/INFO]: [CHAT] goa has received skill Fusion to lvl 10
[15:18:07] [Client thread/INFO]: [CHAT] Skill Jump has been added!
[15:18:07] [Client thread/INFO]: [CHAT] goa has received skill Jump to lvl 10
[15:18:07] [Client thread/INFO]: [CHAT] Skill Dash has been added!
[15:18:07] [Client thread/INFO]: [CHAT] goa has received skill Dash to lvl 10
[15:18:07] [Client thread/INFO]: [CHAT] Skill Fly has been added!
[15:18:07] [Client thread/INFO]: [CHAT] goa has received skill Fly to lvl 10
[15:18:07] [Client thread/INFO]: [CHAT] Skill Endurance has been added!
[15:18:07] [Client thread/INFO]: [CHAT] goa has received skill Endurance to lvl 10
[15:18:07] [Client thread/INFO]: [CHAT] Skill PotentialUnlock has been added!
[15:18:07] [Client thread/INFO]: [CHAT] goa has received skill PotentialUnlock to lvl 10
[15:18:07] [Client thread/INFO]: [CHAT] Skill KiSense has been added!
[15:18:07] [Client thread/INFO]: [CHAT] goa has received skill KiSense to lvl 10
[15:18:07] [Client thread/INFO]: [CHAT] Skill Meditation has been added!
[15:18:07] [Client thread/INFO]: [CHAT] goa has received skill Meditation to lvl 10
[15:18:07] [Client thread/INFO]: [CHAT] Skill Kaioken has been added!
[15:18:07] [Client thread/INFO]: [CHAT] goa has received skill Kaioken to lvl 10
[15:18:07] [Client thread/INFO]: [CHAT] Skill GodForm has been added!
[15:18:07] [Client thread/INFO]: [CHAT] goa has received skill GodForm to lvl 10
[15:18:07] [Client thread/INFO]: [CHAT] Skill OldKaiUnlock has been added!
[15:18:07] [Client thread/INFO]: [CHAT] goa has received skill OldKaiUnlock to lvl 10
[15:18:07] [Client thread/INFO]: [CHAT] Skill KiProtection has been added!
[15:18:07] [Client thread/INFO]: [CHAT] goa has received skill KiProtection to lvl 10
[15:18:07] [Client thread/INFO]: [CHAT] Skill KiFist has been added!
[15:18:07] [Client thread/INFO]: [CHAT] goa has received skill KiFist to lvl 10
[15:18:07] [Client thread/INFO]: [CHAT] Skill KiBoost has been added!
[15:18:07] [Client thread/INFO]: [CHAT] goa has received skill KiBoost to lvl 10
[15:18:07] [Client thread/INFO]: [CHAT] Skill DefensePenetration has been added!
[15:18:07] [Client thread/INFO]: [CHAT] goa has received skill DefensePenetration to lvl 10
[15:18:07] [Client thread/INFO]: [CHAT] Skill KiInfuse has been added!
[15:18:07] [Client thread/INFO]: [CHAT] goa has received skill KiInfuse to lvl 10
[15:18:07] [Client thread/INFO]: [CHAT] Skill UltraInstinct has been added!
[15:18:07] [Client thread/INFO]: [CHAT] goa has received skill UltraInstinct to lvl 10
[15:18:07] [Client thread/INFO]: [CHAT] Skill InstantTransmission has been added!
[15:18:07] [Client thread/INFO]: [CHAT] goa has received skill InstantTransmission to lvl 10
[15:18:07] [Client thread/INFO]: [CHAT] Skill GodOfDestruction has been added!
[15:18:07] [Client thread/INFO]: [CHAT] goa has received skill GodOfDestruction to lvl 10
[15:18:17] [Client thread/INFO]: [CHAT] To use Ki, increase release with the Energy Release key!
[15:18:17] [Client thread/INFO]: [CHAT] To use Ki, increase release with the Energy Release key!
[15:18:51] [Server thread/INFO]: Saving and pausing game...
[15:18:51] [Server thread/INFO]: Saving chunks for level 'New World'/Overworld
[15:18:51] [Server thread/INFO]: Saving chunks for level 'New World'/Nether
[15:18:51] [Server thread/INFO]: Saving chunks for level 'New World'/The End
[15:18:51] [Server thread/INFO]: Saving chunks for level 'New World'/Vegeta
[15:18:51] [Server thread/INFO]: Saving chunks for level 'New World'/Namek
[15:18:51] [Server thread/INFO]: Saving chunks for level 'New World'/Null Realm
[15:18:51] [Server thread/INFO]: Saving chunks for level 'New World'/TimeChamber
[15:18:51] [Server thread/INFO]: Saving chunks for level 'New World'/OtherWorld
[15:18:52] [Server thread/INFO]: Stopping server
[15:18:52] [Server thread/INFO]: Saving players
[15:18:52] [Server thread/INFO]: Saving worlds
[15:18:52] [Server thread/INFO]: Saving chunks for level 'New World'/Overworld
[15:18:52] [Server thread/INFO]: Saving chunks for level 'New World'/Nether
[15:18:52] [Server thread/INFO]: Saving chunks for level 'New World'/The End
[15:18:52] [Server thread/INFO]: Saving chunks for level 'New World'/Vegeta
[15:18:52] [Server thread/INFO]: Saving chunks for level 'New World'/Namek
[15:18:52] [Server thread/INFO]: Saving chunks for level 'New World'/Null Realm
[15:18:52] [Server thread/INFO]: Saving chunks for level 'New World'/TimeChamber
[15:18:52] [Server thread/INFO]: Saving chunks for level 'New World'/OtherWorld
[15:18:55] [Server thread/INFO]: Starting integrated minecraft server version 1.7.10
[15:18:55] [Server thread/INFO]: Generating keypair
[15:18:55] [Server thread/INFO]: Preparing start region for level 0
[15:18:56] [Server thread/INFO]: Changing view distance to 12, from 10
[15:18:56] [Server thread/INFO]: goa[local:E:0b86cb9c] logged in with entity id 9246 at (-68.06879282985747, 82.00672625892214, 253.15243864135653)
[15:18:56] [Server thread/INFO]: goa joined the game
[15:18:57] [Server thread/INFO]: Saving and pausing game...
[15:18:57] [Server thread/INFO]: Saving chunks for level 'New World'/Overworld
[15:18:57] [Server thread/INFO]: Saving chunks for level 'New World'/Nether
[15:18:57] [Server thread/INFO]: Saving chunks for level 'New World'/The End
[15:18:57] [Server thread/INFO]: Saving chunks for level 'New World'/Vegeta
[15:18:57] [Server thread/INFO]: Saving chunks for level 'New World'/Namek
[15:18:57] [Server thread/INFO]: Saving chunks for level 'New World'/Null Realm
[15:18:57] [Server thread/INFO]: Saving chunks for level 'New World'/TimeChamber
[15:18:57] [Server thread/INFO]: Saving chunks for level 'New World'/OtherWorld
[15:19:50] [main/INFO]: Setting user: goa
[15:19:51] [Client thread/INFO]: LWJGL Version: 2.9.1
[15:19:59] [Client thread/INFO]: Reloading ResourceManager: Default, FMLFileResourcePack:Forge Mod Loader, FMLFileResourcePack:Minecraft Forge, FMLFileResourcePack:test, FMLFileResourcePack:placeholder, FMLFileResourcePack:UniMixins: GasStation, FMLFileResourcePack:UniMixins: GTNHMixins, FMLFileResourcePack:UniMixins, FMLFileResourcePack:UniMixins: Compatibility, FMLFileResourcePack:UniMixins: Mixin (UniMix), FMLFileResourcePack:UniMixins: MixinExtras, FMLFileResourcePack:UniMixins: MixinBooterLegacy, FMLFileResourcePack:UniMixins: Mixingasm, FMLFileResourcePack:UniMixins: SpongeMixins, FMLFileResourcePack:CustomNPC+, FMLFileResourcePack:Dragon Block C, FMLFileResourcePack:JinRyuu's JRMCore
[15:20:08] [Sound Library Loader/INFO]: Sound engine started
[15:20:08] [Client thread/INFO]: Created: 16x16 textures/blocks-atlas
[15:20:08] [Client thread/INFO]: Created: 16x16 textures/items-atlas
[15:20:11] [Client thread/INFO]: Reloading ResourceManager: Default, FMLFileResourcePack:Forge Mod Loader, FMLFileResourcePack:Minecraft Forge, FMLFileResourcePack:test, FMLFileResourcePack:placeholder, FMLFileResourcePack:UniMixins: GasStation, FMLFileResourcePack:UniMixins: GTNHMixins, FMLFileResourcePack:UniMixins, FMLFileResourcePack:UniMixins: Compatibility, FMLFileResourcePack:UniMixins: Mixin (UniMix), FMLFileResourcePack:UniMixins: MixinExtras, FMLFileResourcePack:UniMixins: MixinBooterLegacy, FMLFileResourcePack:UniMixins: Mixingasm, FMLFileResourcePack:UniMixins: SpongeMixins, FMLFileResourcePack:CustomNPC+, FMLFileResourcePack:Dragon Block C, FMLFileResourcePack:JinRyuu's JRMCore
[15:20:11] [Client thread/INFO]: Created: 512x512 textures/blocks-atlas
[15:20:12] [Client thread/INFO]: Created: 512x512 textures/items-atlas
[15:20:13] [Sound Library Loader/INFO]: Sound engine started
[15:20:23] [Server thread/INFO]: Starting integrated minecraft server version 1.7.10
[15:20:23] [Server thread/INFO]: Generating keypair
[15:20:23] [Server thread/INFO]: Preparing start region for level 0
[15:20:24] [Server thread/INFO]: Changing view distance to 12, from 10
[15:20:25] [Server thread/INFO]: goa[local:E:bba2de9f] logged in with entity id 386 at (-22.370848986817307, 78.0, 289.29811797104776)
[15:20:25] [Server thread/INFO]: goa joined the game
[15:20:27] [Thread-8/INFO]: [CHAT] §cCustomNPC+§f installed. For more info §9§nClick here
[15:20:32] [Client thread/INFO]: Warning: Clientside chunk ticking took 110 ms
[16:33:50] [main/INFO]: Setting user: goa
[16:33:51] [Client thread/INFO]: LWJGL Version: 2.9.1
[16:33:58] [Client thread/INFO]: Reloading ResourceManager: Default, FMLFileResourcePack:Forge Mod Loader, FMLFileResourcePack:Minecraft Forge, FMLFileResourcePack:test, FMLFileResourcePack:placeholder, FMLFileResourcePack:UniMixins: GasStation, FMLFileResourcePack:UniMixins: GTNHMixins, FMLFileResourcePack:UniMixins, FMLFileResourcePack:UniMixins: Compatibility, FMLFileResourcePack:UniMixins: Mixin (UniMix), FMLFileResourcePack:UniMixins: MixinExtras, FMLFileResourcePack:UniMixins: MixinBooterLegacy, FMLFileResourcePack:UniMixins: Mixingasm, FMLFileResourcePack:UniMixins: SpongeMixins, FMLFileResourcePack:CustomNPC+, FMLFileResourcePack:Dragon Block C, FMLFileResourcePack:JinRyuu's JRMCore
[16:34:06] [Sound Library Loader/INFO]: Sound engine started
[16:34:06] [Client thread/INFO]: Created: 16x16 textures/blocks-atlas
[16:34:06] [Client thread/INFO]: Created: 16x16 textures/items-atlas
[16:34:09] [Client thread/INFO]: Reloading ResourceManager: Default, FMLFileResourcePack:Forge Mod Loader, FMLFileResourcePack:Minecraft Forge, FMLFileResourcePack:test, FMLFileResourcePack:placeholder, FMLFileResourcePack:UniMixins: GasStation, FMLFileResourcePack:UniMixins: GTNHMixins, FMLFileResourcePack:UniMixins, FMLFileResourcePack:UniMixins: Compatibility, FMLFileResourcePack:UniMixins: Mixin (UniMix), FMLFileResourcePack:UniMixins: MixinExtras, FMLFileResourcePack:UniMixins: MixinBooterLegacy, FMLFileResourcePack:UniMixins: Mixingasm, FMLFileResourcePack:UniMixins: SpongeMixins, FMLFileResourcePack:CustomNPC+, FMLFileResourcePack:Dragon Block C, FMLFileResourcePack:JinRyuu's JRMCore
[16:34:09] [Client thread/INFO]: Created: 512x512 textures/blocks-atlas
[16:34:10] [Client thread/INFO]: Created: 512x512 textures/items-atlas
[16:34:11] [Sound Library Loader/INFO]: Sound engine started
[16:36:49] [Client thread/INFO]: Stopping!
necraft server version 1.7.10
[16:36:30] [Server thread/INFO]: Loading properties
[16:36:30] [Server thread/WARN]: server.properties does not exist
[16:36:30] [Server thread/INFO]: Generating new properties file
[16:36:30] [Server thread/WARN]: Failed to load eula.txt
[16:36:30] [Server thread/INFO]: You need to agree to the EULA in order to run the server. Go to eula.txt for more info.
[16:37:07] [Server thread/INFO]: Starting minecraft server version 1.7.10
[16:37:28] [Server thread/INFO]: Loading properties
[16:37:28] [Server thread/INFO]: Default game type: SURVIVAL
[16:37:28] [Server thread/INFO]: Generating keypair
[16:37:28] [Server thread/INFO]: Starting Minecraft server on *:25565
[16:37:32] [Server thread/WARN]: Failed to load user banlist: 
java.io.FileNotFoundException: banned-players.json (The system cannot find the file specified)
	at java.io.FileInputStream.open0(Native Method) ~[?:1.8.0_351]
	at java.io.FileInputStream.open(Unknown Source) ~[?:1.8.0_351]
	at java.io.FileInputStream.<init>(Unknown Source) ~[?:1.8.0_351]
	at com.google.common.io.Files.newReader(Files.java:86) ~[guava-17.0.jar:?]
	at net.minecraft.server.management.UserList.func_152679_g(UserList.java:195) ~[UserList.class:?]
	at net.minecraft.server.dedicated.DedicatedPlayerList.func_152620_y(DedicatedPlayerList.java:124) [DedicatedPlayerList.class:?]
	at net.minecraft.server.dedicated.DedicatedPlayerList.<init>(DedicatedPlayerList.java:31) [DedicatedPlayer[16:37:33] [Client thread/INFO]: Reloading ResourceManager: Default, FMLFileResourcePack:Forge Mod Loader, FMLFileResourcePack:Minecraft Forge, FMLFileResourcePack:test, FMLFileResourcePack:placeholder, FMLFileResourcePack:UniMixins: GasStation, FMLFileResourcePack:UniMixins: GTNHMixins, FMLFileResourcePack:UniMixins, FMLFileResourcePack:UniMixins: Compatibility, FMLFileResourcePack:UniMixins: Mixin (UniMix), FMLFileResourcePack:UniMixins: MixinExtras, FMLFileResourcePack:UniMixins: MixinBooterLegacy, FMLFileResourcePack:UniMixins: Mixingasm, FMLFileResourcePack:UniMixins: SpongeMixins, FMLFileResourcePack:CustomNPC+, FMLFileResourcePack:Dragon Block C, FMLFileResourcePack:JinRyuu's JRMCore
[16:37:33] [Client thread/INFO]: Created: 512x512 textures/blocks-atlas
[16:37:34] [Client thread/INFO]: Created: 512x512 textures/items-atlas
[16:37:35] [Sound Library Loader/INFO]: Sound engine started
[16:39:18] [Client thread/INFO]: Connecting to localhost, 25565
[16:39:21] [Client thread/INFO]: Stopping!
atedPlayerList.<init>(DedicatedPlayerList.java:33) [DedicatedPlayerList.class:?]
	at net.minecraft.server.dedicated.DedicatedServer.startServer(DedicatedServer.java:214) [DedicatedServer.class:?]
	at net.minecraft.server.MinecraftServer.run(MinecraftServer.java:445) [MinecraftServer.class:?]
	at net.minecraft.server.MinecraftServer$2.run(MinecraftServer.java:752) [MinecraftServer$2.class:?]
[16:37:32] [Server thread/WARN]: Failed to load operators list: 
java.io.FileNotFoundException: ops.json (The system cannot find the file specified)
	at java.io.FileInputStream.open0(Native Method) ~[?:1.8.0_351]
	at java.io.FileInputStream.open(Unknown Source) ~[?:1.8.0_351]
	at java.io.FileInputStream.<init>(Unknown Source) ~[?:1.8.0_351]
	at com.google.common.io.Files.newReader(Files.java:86) ~[guava-17.0.jar:?]
	at net.minecraft.server.management.UserList.func_152679_g(UserList.java:195) ~[UserList.class:?]
	at net.minecraft.server.dedicated.DedicatedPlayerList.loadOpsList(DedicatedPlayerList.java:136) [DedicatedPlayerList.class:?]
	at net.minecraft.server.dedicated.DedicatedPlayerList.<init>(DedicatedPlayerList.java:35) [DedicatedPlayerList.class:?]
	at net.minecraft.server.dedicated.DedicatedServer.startServer(DedicatedServer.java:214) [DedicatedServer.class:?]
	at net.minecraft.server.MinecraftServer.run(MinecraftServer.java:445) [MinecraftServer.class:?]
	at net.minecraft.server.MinecraftServer$2.run(MinecraftServer.java:752) [MinecraftServer$2.class:?]
[16:37:32] [Server thread/WARN]: Failed to load white-list: 
java.io.FileNotFoundException: whitelist.json (The system cannot find the file specified)
	at java.io.FileInputStream.open0(Native Method) ~[?:1.8.0_351]
	at java.io.FileInputStream.open(Unknown Source) ~[?:1.8.0_351]
	at java.io.FileInputStream.<init>(Unknown Source) ~[?:1.8.0_351]
	at com.google.common.io.Files.newReader(Files.java:86) ~[guava-17.0.jar:?]
	at net.minecraft.server.management.UserList.func_152679_g(UserList.java:195) ~[UserList.class:?]
	at net.minecraft.server.dedicated.DedicatedPlayerList.readWhiteList(DedicatedPlayerList.java:160) [DedicatedPlayerList.class:?]
	at net.minecraft.server.dedicated.DedicatedPlayerList.<init>(DedicatedPlayerList.java:36) [DedicatedPlayerList.class:?]
	at net.minecraft.server.dedicated.DedicatedServer.startServer(DedicatedServer.java:214) [DedicatedServer.class:?]
	at net.minecraft.server.MinecraftServer.run(MinecraftServer.java:445) [MinecraftServer.class:?]
	at net.minecraft.server.MinecraftServer$2.run(MinecraftServer.java:752) [MinecraftServer$2.class:?]
[16:37:32] [Server thread/INFO]: Preparing level "world"
[16:37:33] [Server thread/WARN]: Unable to find spawn biome
[16:37:36] [Server thread/WARN]: Unable to find spawn biome
[16:37:40] [Server thread/WARN]: Unable to find spawn biome
[16:37:47] [Server thread/WARN]: Unable to find spawn biome
[16:37:50] [Server thread/WARN]: Unable to find spawn biome
[16:37:56] [Server thread/INFO]: Preparing start region for level 0
[16:37:58] [Server thread/INFO]: Preparing spawn area: 4%
[16:37:59] [Server thread/INFO]: Preparing spawn area: 23%
[16:38:00] [Server thread/INFO]: Preparing spawn area: 37%
[16:38:01] [Server thread/INFO]: Preparing spawn area: 53%
[16:38:02] [Server thread/INFO]: Preparing spawn area: 70%
[16:38:03] [Server thread/INFO]: Preparing spawn area: 86%
[16:38:04] [Server thread/INFO]: Done (31.451s)! For help, type "help" or "?"
[16:39:19] [Server thread/INFO]: com.mojang.authlib.GameProfile@2349a082[id=<null>,name=goa,properties={},legacy=false] (/127.0.0.1:63588) lost connection: Disconnected
[16:39:23] [Server thread/INFO]: Stopping server
[16:39:23] [Server thread/INFO]: Saving players
[16:39:23] [Server thread/INFO]: Saving worlds
[16:39:23] [Server thread/INFO]: Saving chunks for level 'world'/Overworld
[16:39:23] [Server thread/INFO]: Saving chunks for level 'world'/Nether
[16:39:23] [Server thread/INFO]: Saving chunks for level 'world'/The End
[16:39:23] [Server thread/INFO]: Saving chunks for level 'world'/Vegeta
[16:39:23] [Server thread/INFO]: Saving chunks for level 'world'/Namek
[16:39:23] [Server thread/INFO]: Saving chunks for level 'world'/Null Realm
[16:39:23] [Server thread/INFO]: Saving chunks for level 'world'/TimeChamber
[16:39:23] [Server thread/INFO]: Saving chunks for level 'world'/OtherWorld
[16:41:41] [main/INFO]: Setting user: goa
[16:41:43] [Client thread/INFO]: LWJGL Version: 2.9.1
[16:41:54] [Client thread/INFO]: Reloading ResourceManager: Default, FMLFil[16:42:09] [Server thread/INFO]: Loading properties
[16:42:09] [Server thread/INFO]: Default game type: SURVIVAL
[16:42:09] [Server thread/INFO]: Generating keypair
[16:42:09] [Server thread/INFO]: Starting Minecraft server on *:25565
[16:42:09] [Server thread/WARN]: **** SERVER IS RUNNING IN OFFLINE/INSECURE MODE!
[16:42:09] [Server thread/WARN]: The server will make no attempt to authenticate usernames. Beware.
[16:42:09] [Server thread/WARN]: While this makes the game possible to play without internet access, it also opens up the ability for hackers to connect with any username they choose.
[16:42:09] [Server thread/WARN]: To change this, set "online-mode" to "true" in the server.properties file.
[16:42:12] [Server thread/INFO]: Preparing level "world"
[16:42:12] [Server thread/INFO]: Preparing start region for level 0
[16:42:13] [Server thread/INFO]: Done (1.062s)! For help, type "help" or "?"
[16:42:19] [Server thread/INFO]: goa[/127.0.0.1:63906] logged in with entity id 165 at (-101.5, 70.0, 254.5)
[16:42:19] [Server thread/INFO]: goa joined the game
[16:43:19] [Server thread/INFO]: goa lost connection: TranslatableComponent{key='disconnect.genericReason', args=[Internal Exception: java.io.IOException: An existing connection was forcibly closed by the remote host], siblings=[], style=Style{hasParent=false, color=null, bold=null, italic=null, underlined=null, obfuscated=null, clickEvent=null, hoverEvent=null}}
[16:43:19] [Server thread/INFO]: goa left the game
[16:43:50] [Server thread/INFO]: goa[/127.0.0.1:64058] logged in with entity id 2163 at (-98.78895436613672, 69.0, 259.4882778308379)
[16:43:50] [Server thread/INFO]: goa joined the game
[16:46:49] [Server thread/INFO]: Opped goa
[16:46:51] [Server thread/INFO]: [goa: Opped goa]
[16:47:05] [Server thread/INFO]: [goa: goa has received skill Fusion to lvl 10]
[16:47:05] [Server thread/INFO]: [goa: goa has received skill Jump to lvl 10]
[16:47:05] [Server thread/INFO]: [goa: goa has received skill Dash to lvl 10]
[16:47:05] [Server thread/INFO]: [goa: goa has received skill Fly to lvl 10]
[16:47:05] [Server thread/INFO]: [goa: goa has received skill Endurance to lvl 10]
[16:47:05] [Server thread/INFO]: [goa: goa has received skill PotentialUnlock to lvl 10]
[16:47:05] [Server thread/INFO]: [goa: goa has received skill KiSense to lvl 10]
[16:47:05] [Server thread/INFO]: [goa: goa has received skill Meditation to lvl 10]
[16:47:05] [Server thread/INFO]: [goa: goa has received skill Kaioken to lvl 10]
[16:47:05] [Server thread/INFO]: [goa: goa has received skill GodForm to lvl 10]
[16:47:05] [Server thread/INFO]: [goa: goa has received skill OldKaiUnlock to lvl 10]
[16:47:05] [Server thread/INFO]: [goa: goa has received skill KiProtection to lvl 10]
[16:47:05] [Server thread/INFO]: [goa: goa has received skill KiFist to lvl 10]
[16:47:05] [Server thread/INFO]: [goa: goa has received skill KiBoost to lvl 10]
[16:47:05] [Server thread/INFO]: [goa: goa has received skill DefensePenetration to lvl 10]
[16:47:05] [Server thread/INFO]: [goa: goa has received skill KiInfuse to lvl 10]
[16:47:05] [Server thread/INFO]: [goa: goa has received skill UltraInstinct to lvl 10]
[16:47:05] [Server thread/INFO]: [goa: goa has received skill InstantTransmission to lvl 10]
[16:47:05] [Server thread/INFO]: [goa: goa has received skill GodOfDestruction to lvl 10]
[16:47:11] [Server thread/WARN]: goa was kicked for floating too long!
[16:47:11] [Server thread/INFO]: goa lost connection: TextComponent{text='Flying is not enabled on this server', siblings=[], style=Style{hasParent=false, color=null, bold=null, italic=null, underlined=null, obfuscated=null, clickEvent=null, hoverEvent=null}}
[16:47:11] [Server thread/INFO]: goa left the game
[16:47:13] [Server thread/INFO]: goa[/127.0.0.1:64170] logged in with entity id 6046 at (-91.56088462403233, 66.48809800923752, 270.37782745302445)
[16:47:13] [Server thread/INFO]: goa joined the game
[16:47:43] [Server thread/INFO]: [goa: Set own game mode to Creative Mode]
[16:54:34] [Server thread/INFO]: goa lost connection: TextComponent{text='A fatal error has occured, this connection is terminated', siblings=[], style=Style{hasParent=false, color=null, bold=null, italic=null, underlined=null, obfuscated=null, clickEvent=null, hoverEvent=null}}
[16:54:34] [Server thread/INFO]: goa left the game
[16:55:43] [Server thread/WARN]: Failed to check session lock, aborting
, /dbcspawnki, /dbcbuildings, /dbcspawn, /dbcreincarnate, /dbcrevive
[16:46:59] [Client thread/INFO]: [CHAT] /dbcskill (give or take) (skillName) [playerName] OR /dbcskill take all [playerName] OR /dbcskill givelvl (skillName) (lvl 1-10) [playerName] --> skillNames can be: , Fusion, Jump, Dash, Fly, Endurance, PotentialUnlock, KiSense, Meditation, Kaioken, GodForm, OldKaiUnlock, KiProtection, KiFist, KiBoost, DefensePenetration, KiInfuse, UltraInstinct, InstantTransmission, GodOfDestruction
[16:47:03] [Client thread/INFO]: [CHAT] That player cannot be found
[16:47:05] [Client thread/INFO]: [CHAT] Skill Fusion has been added!
[16:47:05] [Client thread/INFO]: [CHAT] goa has received skill Fusion to lvl 10
[16:47:05] [Client thread/INFO]: [CHAT] Skill Jump has been added!
[16:47:05] [Client thread/INFO]: [CHAT] goa has received skill Jump to lvl 10
[16:47:05] [Client thread/INFO]: [CHAT] Skill Dash has been added!
[16:47:05] [Client thread/INFO]: [CHAT] goa has received skill Dash to lvl 10
[16:47:05] [Client thread/INFO]: [CHAT] Skill Fly has been added!
[16:47:05] [Client thread/INFO]: [CHAT] goa has received skill Fly to lvl 10
[16:47:05] [Client thread/INFO]: [CHAT] Skill Endurance has been added!
[16:47:05] [Client thread/INFO]: [CHAT] goa has received skill Endurance to lvl 10
[16:47:05] [Client thread/INFO]: [CHAT] Skill PotentialUnlock has been added!
[16:47:05] [Client thread/INFO]: [CHAT] goa has received skill PotentialUnlock to lvl 10
[16:47:05] [Client thread/INFO]: [CHAT] Skill KiSense has been added!
[16:47:05] [Client thread/INFO]: [CHAT] goa has received skill KiSense to lvl 10
[16:47:05] [Client thread/INFO]: [CHAT] Skill Meditation has been added!
[16:47:05] [Client thread/INFO]: [CHAT] goa has received skill Meditation to lvl 10
[16:47:05] [Client thread/INFO]: [CHAT] Skill Kaioken has been added!
[16:47:05] [Client thread/INFO]: [CHAT] goa has received skill Kaioken to lvl 10
[16:47:05] [Client thread/INFO]: [CHAT] Skill GodForm has been added!
[16:47:05] [Client thread/INFO]: [CHAT] goa has received skill GodForm to lvl 10
[16:47:05] [Client thread/INFO]: [CHAT] Skill OldKaiUnlock has been added!
[16:47:05] [Client thread/INFO]: [CHAT] goa has received skill OldKaiUnlock to lvl 10
[16:47:05] [Client thread/INFO]: [CHAT] Skill KiProtection has been added!
[16:47:05] [Client thread/INFO]: [CHAT] goa has received skill KiProtection to lvl 10
[16:47:05] [Client thread/INFO]: [CHAT] Skill KiFist has been added!
[16:47:05] [Client thread/INFO]: [CHAT] goa has received skill KiFist to lvl 10
[16:47:05] [Client thread/INFO]: [CHAT] Skill KiBoost has been added!
[16:47:05] [Client thread/INFO]: [CHAT] goa has received skill KiBoost to lvl 10
[16:47:05] [Client thread/INFO]: [CHAT] Skill DefensePenetration has been added!
[16:47:05] [Client thread/INFO]: [CHAT] goa has received skill DefensePenetration to lvl 10
[16:47:05] [Client thread/INFO]: [CHAT] Skill KiInfuse has been added!
[16:47:05] [Client thread/INFO]: [CHAT] goa has received skill KiInfuse to lvl 10
[16:47:05] [Client thread/INFO]: [CHAT] Skill UltraInstinct has been added!
[16:47:05] [Client thread/INFO]: [CHAT] goa has received skill UltraInstinct to lvl 10
[16:47:05] [Client thread/INFO]: [CHAT] Skill InstantTransmission has been added!
[16:47:05] [Client thread/INFO]: [CHAT] goa has received skill InstantTransmission to lvl 10
[16:47:05] [Client thread/INFO]: [CHAT] Skill GodOfDestruction has been added!
[16:47:05] [Client thread/INFO]: [CHAT] goa has received skill GodOfDestruction to lvl 10
[16:47:13] [Client thread/INFO]: Connecting to localhost, 25565
[16:47:43] [Client thread/INFO]: [CHAT] Your game mode has been updated
[16:59:04] [main/INFO]: Setting user: goa
[16:59:05] [Client thread/INFO]: LWJGL Version: 2.9.1
[16:59:13] [Client thread/INFO]: Reloading ResourceManager: Default, FMLFileResourcePack:Forge Mod Loader, FMLFileResourcePack:Minecraft Forge, FMLFileResourcePack:test, FMLFileResourcePack:UniMixins: GasStation, FMLFileResourcePack:UniMixins: GTNHMixins, FMLFileResourcePack:UniMixins, FMLFileResourcePack:UniMixins: Compatibility, FMLFileResourcePack:UniMixins: Mixin (UniMix), FMLFileResourcePack:UniMixins: MixinExtras, FMLFileResourcePack:UniMixins: MixinBooterLegacy, FMLFileResourcePack:UniMixins: Mixingasm, FMLFileResourcePack:UniMixins: SpongeMixins, FMLFileResourcePack:CustomNPC+, FMLFileResourcePack:Dragon Block C, FMLFileResourcePack:JinRyuu's JRMCore
[16:59:20] [Sound Library Loader/INFO]: Sound engine started
[16:59:21] [Client thread/INFO]: Created: 16x16 textures/blocks-atlas
[16:59:21] [Client thread/INFO]: Created: 16x16 textures/items-atlas
[16:59:23] [Client thread/INFO]: Reloading ResourceManager: Default, FMLFileResourcePack:Forge Mod Loader, FMLFileResourcePack:Minecraft Forge, FMLFileResourcePack:test, FMLFileResourcePack:UniMixins: GasStation, FMLFileResourcePack:UniMixins: GTNHMixins, FMLFileResourcePack:UniMixins, FMLFileResourcePack:UniMixins: Compatibility, FMLFileResourcePack:UniMixins: Mixin (UniMix), FMLFileResourcePack:UniMixins: MixinExtras, FMLFileResourcePack:UniMixins: MixinBooterLegacy, FMLFileResourcePack:UniMixins: Mixingasm, FMLFileResourcePack:UniMixins: SpongeMixins, FMLFileResourcePack:CustomNPC+, FMLFileResourcePack:Dragon Block C, FMLFileResourcePack:JinRyuu's JRMCore
[16:59:23] [Client thread/INFO]: Created: 512x512 textures/blocks-atlas
[16:59:24] [Client thread/INFO]: Created: 512x512 textures/items-atlas
[16:59:25] [Sound Library Loader/INFO]: Sound engine started
[17:00:29] [Client thread/ERROR]: Can't ping localhost: Internal Exception: io.netty.handler.codec.DecoderException: com.google.gson.JsonSyntaxException: Expected status to be a JsonObject, was "Ser...g."
[17:00:47] [Client thread/ERROR]: Can't ping localhost: Internal Exception: io.netty.handler.codec.DecoderException: com.google.gson.JsonSyntaxException: Expected status to be a JsonObject, was "Ser...g."
[17:00:48] [Client thread/ERROR]: Can't ping localhost: Internal Exception: io.netty.handler.codec.DecoderException: com.google.gson.JsonSyntaxException: Expected status to be a JsonObject, was "Ser...g."
[17:00:48] [Client thread/ERROR]: Can't ping localhost: Internal Exception: io.netty.handler.codec.DecoderException: com.google.gson.JsonSyntaxException: Expected status to be a JsonObject, was "Ser...g."
[17:00:48] [Client thread/ERROR]: Can't ping localhost: Internal Exception: io.netty.handler.codec.DecoderException: com.google.gson.JsonSyntaxException: Expected status to be a JsonObject, was "Ser...g."
[17:00:48] [Client thread/ERROR]: Can't ping localhost: Internal Exception: io.netty.handler.codec.DecoderException: com.google.gson.JsonSyntaxException: Expected status to be a JsonObject, was "Ser...g."
[17:00:48] [Client thread/ERROR]: Can't ping localhost: Internal Exception: io.netty.handler.codec.DecoderException: com.google.gson.JsonSyntaxException: Expected status to be a JsonObject, was "Ser...g."
[17:00:49] [Client thread/ERROR]: Can't ping localhost: Internal Exception: io.netty.handler.codec.DecoderException: com.google.gson.JsonSyntaxException: Expected status to be a JsonObject, was "Ser...g."
[17:00:49] [Client thread/ERROR]: Can't ping localhost: Internal Exception: io.netty.handler.codec.DecoderException: com.google.gson.JsonSyntaxException: Expected status to be a JsonObject, was "Ser...g."
[17:00:49] [Client thread/ERROR]: Can't ping localhost: Internal Exception: io.netty.handler.codec.DecoderException: com.google.gson.JsonSyntaxException: Expected status to be a JsonObject, was "Ser...g."
[17:00:50] [Client thread/ERROR]: Can't ping localhost: Internal Exception: io.netty.handler.codec.DecoderException: com.google.gson.JsonSyntaxException: Expected status to be a JsonObject, was "Ser...g."
[17:00:51] [Client thread/ERROR]: Can't ping localhost: Internal Exception: io.netty.handler.codec.DecoderException: com.google.gson.JsonSyntaxException: Expected status to be a JsonObject, was "Ser...g."
[17:01:39] [Client thread/INFO]: Connecting to localhost, 25565
[17:01:41] [Thread-9/INFO]: [CHAT] §cCustomNPC+§f installed. For more info §9§nClick here
[17:01:47] [Client thread/INFO]: [CHAT] You do not have permission to use this command
[17:01:51] [Client thread/INFO]: [CHAT] [Server: Opped goa]
[17:02:00] [Client thread/INFO]: [CHAT] /defaultgamemode, /deop, /dbcstrain, /dbc, /difficulty, /dbcskill, /dbcspawnki, /dbcbuildings, /debug, /dbcspawn, /dbcreincarnate, /dbcrevive
[17:02:00] [Client thread/INFO]: [CHAT] /defaultgamemode, /deop, /dbcstrain, /dbc, /difficulty, /dbcskill, /dbcspawnki, /dbcbuildings, /debug, /dbcspawn, /dbcreincarnate, /dbcrevive
[17:02:00] [Client thread/INFO]: [CHAT] /defaultgamemode, /deop, /dbcstrain, /dbc, /difficulty, /dbcskill, /dbcspawnki, /dbcbuildings, /debug, /dbcspawn, /dbcreincarnate, /dbcrevive
[17:02:01] [Client thread/INFO]: [CHAT] /defaultgamemode, /deop, /dbcstrain, /dbc, /difficulty, /dbcskill, /dbcspawnki, /dbcbuildings, /debug, /dbcspawn, /dbcreincarnate, /dbcrevive
[17:02:02] [Client thread/INFO]: [CHAT] /defaultgamemode, /deop, /dbcstrain, /dbc, /difficulty, /dbcskill, /dbcspawnki, /dbcbuildings, /debug, /dbcspawn, /dbcreincarnate, /dbcrevive
[17:02:02] [Client thread/INFO]: [CHAT] /defaultgamemode, /deop, /dbcstrain, /dbc, /difficulty, /dbcskill, /dbcspawnki, /dbcbuildings, /debug, /dbcspawn, /dbcreincarnate, /dbcrevive
[17:02:05] [Client thread/INFO]: [CHAT] Skill Fusion has been added!
[17:02:05] [Client thread/INFO]: [CHAT] goa has received skill Fusion to lvl 10
[17:02:05] [Client thread/INFO]: [CHAT] Skill Jump has been added!
[17:02:05] [Client thread/INFO]: [CHAT] goa has received skill Jump to lvl 10
[17:02:05] [Client thread/INFO]: [CHAT] Skill Dash has been added!
[17:02:05] [Client thread/INFO]: [CHAT] goa has received skill Dash to lvl 10
[17:02:05] [Client thread/INFO]: [CHAT] Skill Fly has been added!
[17:02:05] [Client thread/INFO]: [CHAT] goa has received skill Fly to lvl 10
[17:02:05] [Client thread/INFO]: [CHAT] Skill Endurance has been added!
[17:02:05] [Client thread/INFO]: [CHAT] goa has received skill Endurance to lvl 10
[17:02:05] [Client thread/INFO]: [CHAT] Skill PotentialUnlock has been added!
[17:02:05] [Client thread/INFO]: [CHAT] goa has received skill PotentialUnlock to lvl 10
[17:02:05] [Client thread/INFO]: [CHAT] Skill KiSense has been added!
[17:02:05] [Client thread/INFO]: [CHAT] goa has received skill KiSense to lvl 10
[17:02:05] [Client thread/INFO]: [CHAT] Skill Meditation has been added!
[17:02:05] [Client thread/INFO]: [CHAT] goa has received skill Meditation to lvl 10
[17:02:05] [Client thread/INFO]: [CHAT] Skill Kaioken has been added!
[17:02:05] [Client thread/INFO]: [CHAT] goa has received skill Kaioken to lvl 10
[17:02:05] [Client thread/INFO]: [CHAT] Skill GodForm has been added!
[17:02:05] [Client thread/INFO]: [CHAT] goa has received skill GodForm to lvl 10
[17:02:05] [Client thread/INFO]: [CHAT] Skill OldKaiUnlock has been added!
[17:02:05] [Client thread/INFO]: [CHAT] goa has received skill OldKaiUnlock to lvl 10
[17:02:05] [Client thread/INFO]: [CHAT] Skill KiProtection has been added!
[17:02:05] [Client thread/INFO]: [CHAT] goa has received skill KiProtection to lvl 10
[17:02:05] [Client thread/INFO]: [CHAT] Skill KiFist has been added!
[17:02:05] [Client thread/INFO]: [CHAT] goa has received skill KiFist to lvl 10
[17:02:05] [Client thread/INFO]: [CHAT] Skill KiBoost has been added!
[17:02:05] [Client thread/INFO]: [CHAT] goa has received skill KiBoost to lvl 10
[17:02:05] [Client thread/INFO]: [CHAT] Skill DefensePenetration has been added!
[17:02:05] [Client thread/INFO]: [CHAT] goa has received skill DefensePenetration to lvl 10
[17:02:05] [Client thread/INFO]: [CHAT] Skill KiInfuse has been added!
[17:02:05] [Client thread/INFO]: [CHAT] goa has received skill KiInfuse to lvl 10
[17:02:05] [Client thread/INFO]: [CHAT] Skill UltraInstinct has been added!
[17:02:05] [Client thread/INFO]: [CHAT] goa has received skill UltraInstinct to lvl 10
[17:02:05] [Client thread/INFO]: [CHAT] Skill InstantTransmission has been added!
[17:02:05] [Client thread/INFO]: [CHAT] goa has received skill InstantTransmission to lvl 10
[17:02:05] [Client thread/INFO]: [CHAT] Skill GodOfDestruction has been added!
[17:02:05] [Client thread/INFO]: [CHAT] goa has received skill GodOfDestruction to lvl 10
SURVIVAL
[17:01:28] [Server thread/INFO]: Generating keypair
[17:01:28] [Server thread/INFO]: Starting Minecraft server on *:25565
[17:01:28] [Server thread/WARN]: **** SERVER IS RUNNING IN OFFLINE/INSECURE MODE!
[17:01:28] [Server thread/WARN]: The server will make no attempt to authenticate usernames. Beware.
[17:01:28] [Server thread/WARN]: While this makes the game possible to play without internet access, it also opens up the ability for hackers to connect with any username they choose.
[17:01:28] [Server thread/WARN]: To change this, set "online-mode" to "true" in the server.properties file.
[17:01:31] [Server thread/INFO]: Preparing level "world"
[17:01:31] [Server thread/INFO]: Preparing start region for level 0
[17:01:32] [Server thread/INFO]: Done (1.509s)! For help, type "help" or "?"
[17:01:39] [Server thread/INFO]: goa[/127.0.0.1:65082] logged in with entity id 1870 at (219.5, 75.0, -5.5)
[17:01:39] [Server thread/INFO]: goa joined the game
[17:01:51] [Server thread/INFO]: Opped goa
[17:02:05] [Server thread/INFO]: [goa: goa has received skill Fusion to lvl 10]
[17:02:05] [Server thread/INFO]: [goa: goa has received skill Jump to lvl 10]
[17:02:05] [Server thread/INFO]: [goa: goa has received skill Dash to lvl 10]
[17:02:05] [Server thread/INFO]: [goa: goa has received skill Fly to lvl 10]
[17:02:05] [Server thread/INFO]: [goa: goa has received skill Endurance to lvl 10]
[17:02:05] [Server thread/INFO]: [goa: goa has received skill PotentialUnlock to lvl 10]
[17:02:05] [Server thread/INFO]: [goa: goa has received skill KiSense to lvl 10]
[17:02:05] [Server thread/INFO]: [goa: goa has received skill Meditation to lvl 10]
[17:02:05] [Server thread/INFO]: [goa: goa has received skill Kaioken to lvl 10]
[17:02:05] [Server thread/INFO]: [goa: goa has received skill GodForm to lvl 10]
[17:02:05] [Server thread/INFO]: [goa: goa has received skill OldKaiUnlock to lvl 10]
[17:02:05] [Server thread/INFO]: [goa: goa has received skill KiProtection to lvl 10]
[17:02:05] [Server thread/INFO]: [goa: goa has received skill KiFist to lvl 10]
[17:02:05] [Server thread/INFO]: [goa: goa has received skill KiBoost to lvl 10]
[17:02:05] [Server thread/INFO]: [goa: goa has received skill DefensePenetration to lvl 10]
[17:02:05] [Server thread/INFO]: [goa: goa has received skill KiInfuse to lvl 10]
[17:02:05] [Server thread/INFO]: [goa: goa has received skill UltraInstinct to lvl 10]
[17:02:05] [Server thread/INFO]: [goa: goa has received skill InstantTransmission to lvl 10]
[17:02:05] [Server thread/INFO]: [goa: goa has received skill GodOfDestruction to lvl 10]
[17:08:44] [Server thread/INFO]: goa lost connection: TextComponent{text='Disconnected', siblings=[], style=Style{hasParent=false, color=null, bold=null, italic=null, underlined=null, obfuscated=null, clickEvent=null, hoverEvent=null}}
[17:08:44] [Server thread/INFO]: goa left the game
[17:09:26] [Server thread/INFO]: Stopping server
[17:09:26] [Server thread/INFO]: Saving players
[17:09:26] [Server thread/INFO]: Saving worlds
[17:09:26] [Server thread/INFO]: Saving chunks for level 'world'/Overworld
[17:09:26] [Server thread/INFO]: Saving chunks for level 'world'/Nether
[17:09:26] [Server thread/INFO]: Saving chunks for level 'world'/The End
[17:09:26] [Server thread/INFO]: Saving chunks for level 'world'/Vegeta
[17:09:26] [Server thread/INFO]: Saving chunks for level 'world'/Namek
[17:09:26] [Server thread/INFO]: Saving chunks for level 'world'/Null Realm
[17:09:26] [Server thread/INFO]: Saving chunks for level 'world'/TimeChamber
[17:09:26] [Server thread/INFO]: Saving chunks for level 'world'/OtherWorld
[17:09:29] [Server thread/INFO]: Starting minecraft server version 1.7.10
[17:09:50] [Server thread/INFO]: Loading properties
[17:09:50] [Server thread/INFO]: Default game type: SURVIVAL
[17:09:50] [Server thread/INFO]: Generating keypair
[17:09:50] [Server thread/INFO]: Starting Minecraft server on *:25565
[17:09:51] [Server thread/WARN]: **** SERVER IS RUNNING IN OFFLINE/INSECURE MODE!
[17:09:51] [Server thread/WARN]: The server will make no attempt to authenticate usernames. Beware.
[17:09:51] [Server thread/WARN]: While this makes the game possible to play without internet access, it also opens up the ability for hackers to connect with any username they choose.
[17:09:51] [Server thread/WARN]: To change this, set "online-mode" to "true" in the server.properties file.
[17:09:56] [Server thread/INFO]: Preparing level [17:10:00] [Sound Library Loader/INFO]: Sound engine started
[17:10:01] [Client thread/INFO]: Created: 16x16 textures/blocks-atlas
[17:10:01] [Client thre[17:10:13] [Server thread/INFO]: goa[/127.0.0.1:49233] logged in with entity id 325 at (219.5, 75.5, -5.5)
[17:10:13] [Server thread/INFO]: goa joined the game
[17:10:43] [Server thread/INFO]: goa lost connection: TextComponent{text='Disconnected', siblings=[], style=Style{hasParent=false, color=null, bold=null, italic=null, underlined=null, obfuscated=null, clickEvent=null, hoverEvent=null}}
[17:10:43] [Server thread/INFO]: goa left the game
[17:11:15] [Server thread/INFO]: Stopping server
[17:11:15] [Server thread/INFO]: Saving players
[17:11:15] [Server thread/INFO]: Saving worlds
[17:11:15] [Server thread/INFO]: Saving chunks for level 'world'/Overworld
[17:11:15] [Server thread/INFO]: Saving chunks for level 'world'/Nether
[17:11:15] [Server thread/INFO]: Saving chunks for level 'world'/The End
[17:11:15] [Server thread/INFO]: Saving chunks for level 'world'/Vegeta
[17:11:15] [Server thread/INFO]: Saving chunks for level 'world'/Namek
[17:11:15] [Server thread/INFO]: Saving chunks for level 'world'/Null Realm
[17:11:15] [Server thread/INFO]: Sa[17:11:16] [Client thread/INFO]: Stopping!
17:11:15] [Server thread/INFO]: Saving chunks for level 'world'/OtherWorld
